2025-07-02T07:46:05.295Z - GET /api/users
2025-07-02T07:46:41.187Z - GET /api/users
2025-07-02T07:46:58.406Z - GET /api/users/6863bf34b39a3ec029e36952
2025-07-02T07:47:05.308Z - GET /api/user/6863bf34b39a3ec029e36952
2025-07-02T07:47:46.501Z - POST /api/users
2025-07-02T07:47:55.153Z - GET /api/users
2025-07-02T07:48:22.156Z - PATCH /api/user/6864e4222477fc07cbaa72ce
2025-07-02T07:48:36.065Z - PUT /api/user/6864e4222477fc07cbaa72ce
2025-07-02T07:49:01.241Z - GET /api/users
2025-07-02T07:49:22.841Z - DELETE /api/user/6863c0a1b5e96bbf1658f21a
2025-07-02T07:49:34.505Z - GET /api/user/6863c0a1b5e96bbf1658f21a
2025-07-03T11:11:12.436Z - GET /api/users
2025-07-03T11:12:01.743Z - POST /api/users
2025-07-03T11:27:03.236Z - POST /api/users
2025-07-03T11:27:09.607Z - GET /api/users
2025-07-03T11:27:40.625Z - GET /api/users
2025-07-03T11:27:42.559Z - GET /api/users
2025-07-03T11:27:45.557Z - GET /api/users
2025-07-03T11:27:56.257Z - GET /api/users
2025-07-03T11:28:05.060Z - GET /api/users
2025-07-03T11:28:05.897Z - GET /api/users
2025-07-03T11:28:06.785Z - GET /api/users
2025-07-03T11:28:31.671Z - GET /api/users
2025-07-03T11:31:40.876Z - GET /api/users
2025-07-03T11:33:13.475Z - GET /api/users
2025-07-03T11:34:36.602Z - GET /api/users
2025-07-03T11:35:07.980Z - GET /api/users
2025-07-03T12:15:41.334Z - GET /api/users
